c:\users\ml\documents\visual studio 2015\projects\a3p-1\a3p-1\debug\a3p-1.pch
c:\users\ml\documents\visual studio 2015\projects\a3p-1\a3p-1\debug\vc140.pdb
c:\users\ml\documents\visual studio 2015\projects\a3p-1\a3p-1\debug\vc140.idb
c:\users\ml\documents\visual studio 2015\projects\a3p-1\a3p-1\debug\stdafx.obj
c:\users\ml\documents\visual studio 2015\projects\a3p-1\a3p-1\debug\a3p-1.obj
c:\users\ml\documents\visual studio 2015\projects\a3p-1\a3p-1\debug\win32_tcp_socket.obj
c:\users\ml\documents\visual studio 2015\projects\a3p-1\a3p-1\debug\arbin3pp.obj
c:\users\ml\documents\visual studio 2015\projects\a3p-1\a3p-1\debug\arbin3ppmessages.obj
c:\users\ml\documents\visual studio 2015\projects\a3p-1\debug\a3p-1.ilk
c:\users\ml\documents\visual studio 2015\projects\a3p-1\debug\a3p-1.exe
c:\users\ml\documents\visual studio 2015\projects\a3p-1\debug\a3p-1.pdb
c:\users\ml\documents\visual studio 2015\projects\a3p-1\a3p-1\debug\a3p-1.res
c:\users\ml\documents\visual studio 2015\projects\a3p-1\a3p-1\debug\a3p-1.tlog\cl.command.1.tlog
c:\users\ml\documents\visual studio 2015\projects\a3p-1\a3p-1\debug\a3p-1.tlog\cl.read.1.tlog
c:\users\ml\documents\visual studio 2015\projects\a3p-1\a3p-1\debug\a3p-1.tlog\cl.write.1.tlog
c:\users\ml\documents\visual studio 2015\projects\a3p-1\a3p-1\debug\a3p-1.tlog\link.command.1.tlog
c:\users\ml\documents\visual studio 2015\projects\a3p-1\a3p-1\debug\a3p-1.tlog\link.read.1.tlog
c:\users\ml\documents\visual studio 2015\projects\a3p-1\a3p-1\debug\a3p-1.tlog\link.write.1.tlog
c:\users\ml\documents\visual studio 2015\projects\a3p-1\a3p-1\debug\a3p-1.tlog\rc.command.1.tlog
c:\users\ml\documents\visual studio 2015\projects\a3p-1\a3p-1\debug\a3p-1.tlog\rc.read.1.tlog
c:\users\ml\documents\visual studio 2015\projects\a3p-1\a3p-1\debug\a3p-1.tlog\rc.write.1.tlog
